[2025-03-05T19:01:59.452+0000] {local_task_job_runner.py:123} INFO - ::group::Pre task execution logs
[2025-03-05T19:01:59.464+0000] {taskinstance.py:2613} INFO - Dependencies all met for dep_context=non-requeueable deps ti=<TaskInstance: breweries_etl_process.bronze_step manual__2025-03-05T19:01:57.114824+00:00 [queued]>
[2025-03-05T19:01:59.470+0000] {taskinstance.py:2613} INFO - Dependencies all met for dep_context=requeueable deps ti=<TaskInstance: breweries_etl_process.bronze_step manual__2025-03-05T19:01:57.114824+00:00 [queued]>
[2025-03-05T19:01:59.470+0000] {taskinstance.py:2866} INFO - Starting attempt 1 of 1
[2025-03-05T19:01:59.476+0000] {taskinstance.py:2889} INFO - Executing <Task(SparkSubmitOperator): bronze_step> on 2025-03-05 19:01:57.114824+00:00
[2025-03-05T19:01:59.479+0000] {warnings.py:112} WARNING - /home/***/.local/lib/python3.12/site-packages/***/task/task_runner/standard_task_runner.py:70: DeprecationWarning: This process (pid=97) is multi-threaded, use of fork() may lead to deadlocks in the child.
  pid = os.fork()

[2025-03-05T19:01:59.480+0000] {standard_task_runner.py:72} INFO - Started process 99 to run task
[2025-03-05T19:01:59.480+0000] {standard_task_runner.py:104} INFO - Running: ['***', 'tasks', 'run', 'breweries_etl_process', 'bronze_step', 'manual__2025-03-05T19:01:57.114824+00:00', '--job-id', '10', '--raw', '--subdir', 'DAGS_FOLDER/spark_***.py', '--cfg-path', '/tmp/tmpp1fnhlp_']
[2025-03-05T19:01:59.481+0000] {standard_task_runner.py:105} INFO - Job 10: Subtask bronze_step
[2025-03-05T19:01:59.535+0000] {task_command.py:467} INFO - Running <TaskInstance: breweries_etl_process.bronze_step manual__2025-03-05T19:01:57.114824+00:00 [running]> on host 24fbc6742d77
[2025-03-05T19:01:59.611+0000] {taskinstance.py:3132} INFO - Exporting env vars: AIRFLOW_CTX_DAG_OWNER='***' AIRFLOW_CTX_DAG_ID='breweries_etl_process' AIRFLOW_CTX_TASK_ID='bronze_step' AIRFLOW_CTX_EXECUTION_DATE='2025-03-05T19:01:57.114824+00:00' AIRFLOW_CTX_TRY_NUMBER='1' AIRFLOW_CTX_DAG_RUN_ID='manual__2025-03-05T19:01:57.114824+00:00'
[2025-03-05T19:01:59.612+0000] {taskinstance.py:731} INFO - ::endgroup::
[2025-03-05T19:01:59.626+0000] {base.py:84} INFO - Retrieving connection 'spark-conn'
[2025-03-05T19:01:59.627+0000] {spark_submit.py:474} INFO - Spark-Submit cmd: spark-submit --master spark://spark-master:7077 --conf spark.sql.extensions=io.delta.sql.DeltaSparkSessionExtension --conf spark.sql.catalog.spark_catalog=org.apache.spark.sql.delta.catalog.DeltaCatalog --packages io.delta:delta-spark_2.12:3.3.0 --name arrow-spark scripts/bronze_process.py --bronze_raw_files /opt/***/output/bronze/raw/ --bronze_table_path /opt/***/output/bronze/delta/breweries --api_url https://api.openbrewerydb.org/breweries
[2025-03-05T19:02:01.253+0000] {spark_submit.py:641} INFO - :: loading settings :: url = jar:file:/home/***/.local/lib/python3.12/site-packages/pyspark/jars/ivy-2.5.1.jar!/org/apache/ivy/core/settings/ivysettings.xml
[2025-03-05T19:02:01.320+0000] {spark_submit.py:641} INFO - Ivy Default Cache set to: /home/***/.ivy2/cache
[2025-03-05T19:02:01.321+0000] {spark_submit.py:641} INFO - The jars for the packages stored in: /home/***/.ivy2/jars
[2025-03-05T19:02:01.327+0000] {spark_submit.py:641} INFO - io.delta#delta-spark_2.12 added as a dependency
[2025-03-05T19:02:01.327+0000] {spark_submit.py:641} INFO - :: resolving dependencies :: org.apache.spark#spark-submit-parent-84a0cde1-f864-45f9-a721-de98b132e2e3;1.0
[2025-03-05T19:02:01.330+0000] {spark_submit.py:641} INFO - confs: [default]
[2025-03-05T19:02:04.283+0000] {spark_submit.py:641} INFO - :: resolution report :: resolve 2954ms :: artifacts dl 0ms
[2025-03-05T19:02:04.288+0000] {spark_submit.py:641} INFO - :: modules in use:
[2025-03-05T19:02:04.290+0000] {spark_submit.py:641} INFO - ---------------------------------------------------------------------
[2025-03-05T19:02:04.290+0000] {spark_submit.py:641} INFO - |                  |            modules            ||   artifacts   |
[2025-03-05T19:02:04.291+0000] {spark_submit.py:641} INFO - |       conf       | number| search|dwnlded|evicted|| number|dwnlded|
[2025-03-05T19:02:04.292+0000] {spark_submit.py:641} INFO - ---------------------------------------------------------------------
[2025-03-05T19:02:04.292+0000] {spark_submit.py:641} INFO - |      default     |   1   |   0   |   0   |   0   ||   0   |   0   |
[2025-03-05T19:02:04.292+0000] {spark_submit.py:641} INFO - ---------------------------------------------------------------------
[2025-03-05T19:02:04.293+0000] {spark_submit.py:641} INFO - 
[2025-03-05T19:02:04.294+0000] {spark_submit.py:641} INFO - :: problems summary ::
[2025-03-05T19:02:04.294+0000] {spark_submit.py:641} INFO - :::: WARNINGS
[2025-03-05T19:02:04.295+0000] {spark_submit.py:641} INFO - problem while downloading module descriptor: https://repo1.maven.org/maven2/io/delta/delta-spark_2.12/3.3.0/delta-spark_2.12-3.3.0.pom: Downloaded file size (0) doesn't match expected Content Length (5955) for https://repo1.maven.org/maven2/io/delta/delta-spark_2.12/3.3.0/delta-spark_2.12-3.3.0.pom. Please retry. (174ms)
[2025-03-05T19:02:04.296+0000] {spark_submit.py:641} INFO - 
[2025-03-05T19:02:04.296+0000] {spark_submit.py:641} INFO - module not found: io.delta#delta-spark_2.12;3.3.0
[2025-03-05T19:02:04.297+0000] {spark_submit.py:641} INFO - 
[2025-03-05T19:02:04.297+0000] {spark_submit.py:641} INFO - ==== local-m2-cache: tried
[2025-03-05T19:02:04.298+0000] {spark_submit.py:641} INFO - 
[2025-03-05T19:02:04.298+0000] {spark_submit.py:641} INFO - file:/home/***/.m2/repository/io/delta/delta-spark_2.12/3.3.0/delta-spark_2.12-3.3.0.pom
[2025-03-05T19:02:04.299+0000] {spark_submit.py:641} INFO - 
[2025-03-05T19:02:04.299+0000] {spark_submit.py:641} INFO - -- artifact io.delta#delta-spark_2.12;3.3.0!delta-spark_2.12.jar:
[2025-03-05T19:02:04.299+0000] {spark_submit.py:641} INFO - 
[2025-03-05T19:02:04.300+0000] {spark_submit.py:641} INFO - file:/home/***/.m2/repository/io/delta/delta-spark_2.12/3.3.0/delta-spark_2.12-3.3.0.jar
[2025-03-05T19:02:04.300+0000] {spark_submit.py:641} INFO - 
[2025-03-05T19:02:04.300+0000] {spark_submit.py:641} INFO - ==== local-ivy-cache: tried
[2025-03-05T19:02:04.300+0000] {spark_submit.py:641} INFO - 
[2025-03-05T19:02:04.301+0000] {spark_submit.py:641} INFO - /home/***/.ivy2/local/io.delta/delta-spark_2.12/3.3.0/ivys/ivy.xml
[2025-03-05T19:02:04.301+0000] {spark_submit.py:641} INFO - 
[2025-03-05T19:02:04.301+0000] {spark_submit.py:641} INFO - -- artifact io.delta#delta-spark_2.12;3.3.0!delta-spark_2.12.jar:
[2025-03-05T19:02:04.301+0000] {spark_submit.py:641} INFO - 
[2025-03-05T19:02:04.301+0000] {spark_submit.py:641} INFO - /home/***/.ivy2/local/io.delta/delta-spark_2.12/3.3.0/jars/delta-spark_2.12.jar
[2025-03-05T19:02:04.302+0000] {spark_submit.py:641} INFO - 
[2025-03-05T19:02:04.302+0000] {spark_submit.py:641} INFO - ==== central: tried
[2025-03-05T19:02:04.302+0000] {spark_submit.py:641} INFO - 
[2025-03-05T19:02:04.303+0000] {spark_submit.py:641} INFO - https://repo1.maven.org/maven2/io/delta/delta-spark_2.12/3.3.0/delta-spark_2.12-3.3.0.pom
[2025-03-05T19:02:04.303+0000] {spark_submit.py:641} INFO - 
[2025-03-05T19:02:04.303+0000] {spark_submit.py:641} INFO - ==== spark-packages: tried
[2025-03-05T19:02:04.303+0000] {spark_submit.py:641} INFO - 
[2025-03-05T19:02:04.303+0000] {spark_submit.py:641} INFO - https://repos.spark-packages.org/io/delta/delta-spark_2.12/3.3.0/delta-spark_2.12-3.3.0.pom
[2025-03-05T19:02:04.303+0000] {spark_submit.py:641} INFO - 
[2025-03-05T19:02:04.304+0000] {spark_submit.py:641} INFO - -- artifact io.delta#delta-spark_2.12;3.3.0!delta-spark_2.12.jar:
[2025-03-05T19:02:04.304+0000] {spark_submit.py:641} INFO - 
[2025-03-05T19:02:04.304+0000] {spark_submit.py:641} INFO - https://repos.spark-packages.org/io/delta/delta-spark_2.12/3.3.0/delta-spark_2.12-3.3.0.jar
[2025-03-05T19:02:04.304+0000] {spark_submit.py:641} INFO - 
[2025-03-05T19:02:04.305+0000] {spark_submit.py:641} INFO - ::::::::::::::::::::::::::::::::::::::::::::::
[2025-03-05T19:02:04.305+0000] {spark_submit.py:641} INFO - 
[2025-03-05T19:02:04.305+0000] {spark_submit.py:641} INFO - ::          UNRESOLVED DEPENDENCIES         ::
[2025-03-05T19:02:04.305+0000] {spark_submit.py:641} INFO - 
[2025-03-05T19:02:04.305+0000] {spark_submit.py:641} INFO - ::::::::::::::::::::::::::::::::::::::::::::::
[2025-03-05T19:02:04.305+0000] {spark_submit.py:641} INFO - 
[2025-03-05T19:02:04.306+0000] {spark_submit.py:641} INFO - :: io.delta#delta-spark_2.12;3.3.0: not found
[2025-03-05T19:02:04.306+0000] {spark_submit.py:641} INFO - 
[2025-03-05T19:02:04.306+0000] {spark_submit.py:641} INFO - ::::::::::::::::::::::::::::::::::::::::::::::
[2025-03-05T19:02:04.306+0000] {spark_submit.py:641} INFO - 
[2025-03-05T19:02:04.307+0000] {spark_submit.py:641} INFO - 
[2025-03-05T19:02:04.307+0000] {spark_submit.py:641} INFO - 
[2025-03-05T19:02:04.307+0000] {spark_submit.py:641} INFO - :: USE VERBOSE OR DEBUG MESSAGE LEVEL FOR MORE DETAILS
[2025-03-05T19:02:04.307+0000] {spark_submit.py:641} INFO - Exception in thread "main" java.lang.RuntimeException: [unresolved dependency: io.delta#delta-spark_2.12;3.3.0: not found]
[2025-03-05T19:02:04.307+0000] {spark_submit.py:641} INFO - at org.apache.spark.deploy.SparkSubmitUtils$.resolveMavenCoordinates(SparkSubmit.scala:1613)
[2025-03-05T19:02:04.307+0000] {spark_submit.py:641} INFO - at org.apache.spark.util.DependencyUtils$.resolveMavenDependencies(DependencyUtils.scala:185)
[2025-03-05T19:02:04.307+0000] {spark_submit.py:641} INFO - at org.apache.spark.deploy.SparkSubmit.prepareSubmitEnvironment(SparkSubmit.scala:339)
[2025-03-05T19:02:04.308+0000] {spark_submit.py:641} INFO - at org.apache.spark.deploy.SparkSubmit.org$apache$spark$deploy$SparkSubmit$$runMain(SparkSubmit.scala:969)
[2025-03-05T19:02:04.308+0000] {spark_submit.py:641} INFO - at org.apache.spark.deploy.SparkSubmit.doRunMain$1(SparkSubmit.scala:199)
[2025-03-05T19:02:04.308+0000] {spark_submit.py:641} INFO - at org.apache.spark.deploy.SparkSubmit.submit(SparkSubmit.scala:222)
[2025-03-05T19:02:04.308+0000] {spark_submit.py:641} INFO - at org.apache.spark.deploy.SparkSubmit.doSubmit(SparkSubmit.scala:91)
[2025-03-05T19:02:04.308+0000] {spark_submit.py:641} INFO - at org.apache.spark.deploy.SparkSubmit$$anon$2.doSubmit(SparkSubmit.scala:1125)
[2025-03-05T19:02:04.308+0000] {spark_submit.py:641} INFO - at org.apache.spark.deploy.SparkSubmit$.main(SparkSubmit.scala:1134)
[2025-03-05T19:02:04.308+0000] {spark_submit.py:641} INFO - at org.apache.spark.deploy.SparkSubmit.main(SparkSubmit.scala)
[2025-03-05T19:02:04.326+0000] {taskinstance.py:3311} ERROR - Task failed with exception
Traceback (most recent call last):
  File "/home/airflow/.local/lib/python3.12/site-packages/airflow/models/taskinstance.py", line 767, in _execute_task
    result = _execute_callable(context=context, **execute_callable_kwargs)
             ^^^^^^^^^^^^^^^^^^^^^^^^^^^^^^^^^^^^^^^^^^^^^^^^^^^^^^^^^^^^^
  File "/home/airflow/.local/lib/python3.12/site-packages/airflow/models/taskinstance.py", line 733, in _execute_callable
    return ExecutionCallableRunner(
           ^^^^^^^^^^^^^^^^^^^^^^^^
  File "/home/airflow/.local/lib/python3.12/site-packages/airflow/utils/operator_helpers.py", line 252, in run
    return self.func(*args, **kwargs)
           ^^^^^^^^^^^^^^^^^^^^^^^^^^
  File "/home/airflow/.local/lib/python3.12/site-packages/airflow/models/baseoperator.py", line 422, in wrapper
    return func(self, *args, **kwargs)
           ^^^^^^^^^^^^^^^^^^^^^^^^^^^
  File "/home/airflow/.local/lib/python3.12/site-packages/airflow/providers/apache/spark/operators/spark_submit.py", line 177, in execute
    self._hook.submit(self.application)
  File "/home/airflow/.local/lib/python3.12/site-packages/airflow/providers/apache/spark/hooks/spark_submit.py", line 567, in submit
    raise AirflowException(
airflow.exceptions.AirflowException: Cannot execute: spark-submit --master spark://spark-master:7077 --conf spark.sql.extensions=io.delta.sql.DeltaSparkSessionExtension --conf spark.sql.catalog.spark_catalog=org.apache.spark.sql.delta.catalog.DeltaCatalog --packages io.delta:delta-spark_2.12:3.3.0 --name arrow-spark scripts/bronze_process.py --bronze_raw_files /opt/***/output/bronze/raw/ --bronze_table_path /opt/***/output/bronze/delta/breweries --api_url https://api.openbrewerydb.org/breweries. Error code is: 1.
[2025-03-05T19:02:04.333+0000] {taskinstance.py:1225} INFO - Marking task as FAILED. dag_id=breweries_etl_process, task_id=bronze_step, run_id=manual__2025-03-05T19:01:57.114824+00:00, execution_date=20250305T190157, start_date=20250305T190159, end_date=20250305T190204
[2025-03-05T19:02:04.348+0000] {taskinstance.py:340} INFO - ::group::Post task execution logs
[2025-03-05T19:02:04.348+0000] {standard_task_runner.py:124} ERROR - Failed to execute job 10 for task bronze_step (Cannot execute: spark-submit --master spark://spark-master:7077 --conf spark.sql.extensions=io.delta.sql.DeltaSparkSessionExtension --conf spark.sql.catalog.spark_catalog=org.apache.spark.sql.delta.catalog.DeltaCatalog --packages io.delta:delta-spark_2.12:3.3.0 --name arrow-spark scripts/bronze_process.py --bronze_raw_files /opt/***/output/bronze/raw/ --bronze_table_path /opt/***/output/bronze/delta/breweries --api_url https://api.openbrewerydb.org/breweries. Error code is: 1.; 99)
Traceback (most recent call last):
  File "/home/airflow/.local/lib/python3.12/site-packages/airflow/task/task_runner/standard_task_runner.py", line 117, in _start_by_fork
    ret = args.func(args, dag=self.dag)
          ^^^^^^^^^^^^^^^^^^^^^^^^^^^^^
  File "/home/airflow/.local/lib/python3.12/site-packages/airflow/cli/cli_config.py", line 49, in command
    return func(*args, **kwargs)
           ^^^^^^^^^^^^^^^^^^^^^
  File "/home/airflow/.local/lib/python3.12/site-packages/airflow/utils/cli.py", line 116, in wrapper
    return f(*args, **kwargs)
           ^^^^^^^^^^^^^^^^^^
  File "/home/airflow/.local/lib/python3.12/site-packages/airflow/cli/commands/task_command.py", line 483, in task_run
    task_return_code = _run_task_by_selected_method(args, _dag, ti)
                       ^^^^^^^^^^^^^^^^^^^^^^^^^^^^^^^^^^^^^^^^^^^^
  File "/home/airflow/.local/lib/python3.12/site-packages/airflow/cli/commands/task_command.py", line 256, in _run_task_by_selected_method
    return _run_raw_task(args, ti)
           ^^^^^^^^^^^^^^^^^^^^^^^
  File "/home/airflow/.local/lib/python3.12/site-packages/airflow/cli/commands/task_command.py", line 341, in _run_raw_task
    return ti._run_raw_task(
           ^^^^^^^^^^^^^^^^^
  File "/home/airflow/.local/lib/python3.12/site-packages/airflow/utils/session.py", line 97, in wrapper
    return func(*args, session=session, **kwargs)
           ^^^^^^^^^^^^^^^^^^^^^^^^^^^^^^^^^^^^^^
  File "/home/airflow/.local/lib/python3.12/site-packages/airflow/models/taskinstance.py", line 3005, in _run_raw_task
    return _run_raw_task(
           ^^^^^^^^^^^^^^
  File "/home/airflow/.local/lib/python3.12/site-packages/airflow/models/taskinstance.py", line 273, in _run_raw_task
    TaskInstance._execute_task_with_callbacks(
  File "/home/airflow/.local/lib/python3.12/site-packages/airflow/models/taskinstance.py", line 3159, in _execute_task_with_callbacks
    result = self._execute_task(context, task_orig)
             ^^^^^^^^^^^^^^^^^^^^^^^^^^^^^^^^^^^^^^
  File "/home/airflow/.local/lib/python3.12/site-packages/airflow/models/taskinstance.py", line 3183, in _execute_task
    return _execute_task(self, context, task_orig)
           ^^^^^^^^^^^^^^^^^^^^^^^^^^^^^^^^^^^^^^^
  File "/home/airflow/.local/lib/python3.12/site-packages/airflow/models/taskinstance.py", line 767, in _execute_task
    result = _execute_callable(context=context, **execute_callable_kwargs)
             ^^^^^^^^^^^^^^^^^^^^^^^^^^^^^^^^^^^^^^^^^^^^^^^^^^^^^^^^^^^^^
  File "/home/airflow/.local/lib/python3.12/site-packages/airflow/models/taskinstance.py", line 733, in _execute_callable
    return ExecutionCallableRunner(
           ^^^^^^^^^^^^^^^^^^^^^^^^
  File "/home/airflow/.local/lib/python3.12/site-packages/airflow/utils/operator_helpers.py", line 252, in run
    return self.func(*args, **kwargs)
           ^^^^^^^^^^^^^^^^^^^^^^^^^^
  File "/home/airflow/.local/lib/python3.12/site-packages/airflow/models/baseoperator.py", line 422, in wrapper
    return func(self, *args, **kwargs)
           ^^^^^^^^^^^^^^^^^^^^^^^^^^^
  File "/home/airflow/.local/lib/python3.12/site-packages/airflow/providers/apache/spark/operators/spark_submit.py", line 177, in execute
    self._hook.submit(self.application)
  File "/home/airflow/.local/lib/python3.12/site-packages/airflow/providers/apache/spark/hooks/spark_submit.py", line 567, in submit
    raise AirflowException(
airflow.exceptions.AirflowException: Cannot execute: spark-submit --master spark://spark-master:7077 --conf spark.sql.extensions=io.delta.sql.DeltaSparkSessionExtension --conf spark.sql.catalog.spark_catalog=org.apache.spark.sql.delta.catalog.DeltaCatalog --packages io.delta:delta-spark_2.12:3.3.0 --name arrow-spark scripts/bronze_process.py --bronze_raw_files /opt/***/output/bronze/raw/ --bronze_table_path /opt/***/output/bronze/delta/breweries --api_url https://api.openbrewerydb.org/breweries. Error code is: 1.
[2025-03-05T19:02:04.376+0000] {local_task_job_runner.py:266} INFO - Task exited with return code 1
[2025-03-05T19:02:04.426+0000] {taskinstance.py:3895} INFO - 0 downstream tasks scheduled from follow-on schedule check
[2025-03-05T19:02:04.430+0000] {local_task_job_runner.py:245} INFO - ::endgroup::
